1523989073304	geckodriver	INFO	geckodriver 0.20.1
1523989073310	geckodriver	INFO	Listening on 127.0.0.1:50522
1523989074320	mozrunner::runner	INFO	Running command: "/Applications/Firefox.app/Contents/MacOS/firefox-bin" "-marionette" "-profile" "/var/folders/nc/vd6631cs0vzfw79x96d0nvr00000gn/T/rust_mozprofile.9V5x76gIwYYh"
1523989077410	Marionette	INFO	Enabled via --marionette
2018-04-17 21:17:58.254 plugin-container[2191:42852] *** CFMessagePort: bootstrap_register(): failed 1100 (0x44c) 'Permission denied', port = 0x843b, name = 'com.apple.tsm.portname'
See /usr/include/servers/bootstrap_defs.h for the error codes.
1523989078560	Marionette	INFO	Listening on port 50533
2018-04-17 21:17:59.081 plugin-container[2192:42925] *** CFMessagePort: bootstrap_register(): failed 1100 (0x44c) 'Permission denied', port = 0x8503, name = 'com.apple.tsm.portname'
See /usr/include/servers/bootstrap_defs.h for the error codes.
1523989101385	geckodriver	INFO	geckodriver 0.20.1
1523989101390	geckodriver	INFO	Listening on 127.0.0.1:50547
1523989102401	mozrunner::runner	INFO	Running command: "/Applications/Firefox.app/Contents/MacOS/firefox-bin" "-marionette" "-profile" "/var/folders/nc/vd6631cs0vzfw79x96d0nvr00000gn/T/rust_mozprofile.XZq03n7gdv6Y"
1523989102824	Marionette	INFO	Enabled via --marionette
2018-04-17 21:18:23.708 plugin-container[2208:43259] *** CFMessagePort: bootstrap_register(): failed 1100 (0x44c) 'Permission denied', port = 0x7f37, name = 'com.apple.tsm.portname'
See /usr/include/servers/bootstrap_defs.h for the error codes.
1523989103960	Marionette	INFO	Listening on port 50558
1523989104068	Marionette	WARN	TLS certificate errors will be ignored for this session
2018-04-17 21:18:24.461 plugin-container[2209:43335] *** CFMessagePort: bootstrap_register(): failed 1100 (0x44c) 'Permission denied', port = 0x7f03, name = 'com.apple.tsm.portname'
See /usr/include/servers/bootstrap_defs.h for the error codes.
1523989352231	geckodriver	INFO	geckodriver 0.20.1
1523989352236	geckodriver	INFO	Listening on 127.0.0.1:50649
1523989353251	mozrunner::runner	INFO	Running command: "/Applications/Firefox.app/Contents/MacOS/firefox-bin" "-marionette" "-profile" "/var/folders/nc/vd6631cs0vzfw79x96d0nvr00000gn/T/rust_mozprofile.bo02F0f2qOA7"
1523989353668	Marionette	INFO	Enabled via --marionette
2018-04-17 21:22:34.410 plugin-container[2244:44787] *** CFMessagePort: bootstrap_register(): failed 1100 (0x44c) 'Permission denied', port = 0x773f, name = 'com.apple.tsm.portname'
See /usr/include/servers/bootstrap_defs.h for the error codes.
1523989354752	Marionette	INFO	Listening on port 50660
1523989354804	Marionette	WARN	TLS certificate errors will be ignored for this session
2018-04-17 21:22:35.297 plugin-container[2245:44862] *** CFMessagePort: bootstrap_register(): failed 1100 (0x44c) 'Permission denied', port = 0x7307, name = 'com.apple.tsm.portname'
See /usr/include/servers/bootstrap_defs.h for the error codes.
*** UTM:SVC TimerManager:registerTimer called after profile-before-change notification. Ignoring timer registration for id: telemetry_modules_ping
1523989416338	geckodriver	INFO	geckodriver 0.20.1
1523989416344	geckodriver	INFO	Listening on 127.0.0.1:50745
1523989417354	mozrunner::runner	INFO	Running command: "/Applications/Firefox.app/Contents/MacOS/firefox-bin" "-marionette" "-profile" "/var/folders/nc/vd6631cs0vzfw79x96d0nvr00000gn/T/rust_mozprofile.LxHxPcaJfOtE"
1523989417778	Marionette	INFO	Enabled via --marionette
2018-04-17 21:23:38.545 plugin-container[2268:45528] *** CFMessagePort: bootstrap_register(): failed 1100 (0x44c) 'Permission denied', port = 0x863f, name = 'com.apple.tsm.portname'
See /usr/include/servers/bootstrap_defs.h for the error codes.
1523989418892	Marionette	INFO	Listening on port 50756
1523989418932	Marionette	WARN	TLS certificate errors will be ignored for this session
2018-04-17 21:23:39.414 plugin-container[2269:45602] *** CFMessagePort: bootstrap_register(): failed 1100 (0x44c) 'Permission denied', port = 0x7c43, name = 'com.apple.tsm.portname'
See /usr/include/servers/bootstrap_defs.h for the error codes.
1523990422346	geckodriver	INFO	geckodriver 0.20.1
1523990422352	geckodriver	INFO	Listening on 127.0.0.1:51857
1523990423366	mozrunner::runner	INFO	Running command: "/Applications/Firefox.app/Contents/MacOS/firefox-bin" "-marionette" "-profile" "/var/folders/nc/vd6631cs0vzfw79x96d0nvr00000gn/T/rust_mozprofile.kQeY1vuktH7f"
1523990423786	Marionette	INFO	Enabled via --marionette
2018-04-17 21:40:24.522 plugin-container[2335:50900] *** CFMessagePort: bootstrap_register(): failed 1100 (0x44c) 'Permission denied', port = 0x7b43, name = 'com.apple.tsm.portname'
See /usr/include/servers/bootstrap_defs.h for the error codes.
1523990424826	Marionette	INFO	Listening on port 51868
1523990424924	Marionette	WARN	TLS certificate errors will be ignored for this session
2018-04-17 21:40:25.423 plugin-container[2336:50984] *** CFMessagePort: bootstrap_register(): failed 1100 (0x44c) 'Permission denied', port = 0x7c03, name = 'com.apple.tsm.portname'
See /usr/include/servers/bootstrap_defs.h for the error codes.
